<?xml version="1.0" encoding="UTF-8"?>
<coverage generated="1751603495716" clover="3.2.0">
  <project timestamp="1751603495716" name="All files">
    <metrics statements="5" coveredstatements="5" conditionals="4" coveredconditionals="4" methods="1" coveredmethods="1" elements="10" coveredelements="10" complexity="0" loc="5" ncloc="5" packages="1" files="1" classes="1"/>
    <file name="validateLogin.js" path="C:\Users\Thale\Projeto-DS\server\middlewares\validateLogin.js">
      <metrics statements="5" coveredstatements="5" conditionals="4" coveredconditionals="4" methods="1" coveredmethods="1"/>
      <line num="2" count="2" type="stmt"/>
      <line num="4" count="2" type="cond" truecount="4" falsecount="0"/>
      <line num="5" count="1" type="stmt"/>
      <line num="10" count="1" type="stmt"/>
      <line num="13" count="1" type="stmt"/>
    </file>
  </project>
</coverage>
